<!DOCTYPE html>
<html lang="en">
  <head>
    <meta charset="UTF-8" />
    <meta name="viewport" content="width=device-width, initial-scale=1.0" />
    <title>GravityR</title>
  </head>
  <body>
    <div id="app"></div>
    <script>
      const analyzeNodes = [
        {
          text: "-> Sort: (case when (count_tbl.`status` = 1) then 'Todo' when (count_tbl.`status` = 2) then 'Doing' when (count_tbl.`status` = 3) then 'Done' end) DESC  (actual time=0.018..0.018 rows=3 loops=1)",
          title: "Sort",
          tableName: "count_tbl",
          estimatedInitCost: null,
          estimatedCost: null,
          estimatedReturnedRows: null,
          actualTimeFirstRow: 0.018,
          actualTimeAvg: 0.018,
          actualReturnedRows: 3,
          actualLoopCount: 1,
          estimatedActualTotalTime: 0.018,
          children: [
            {
              text: "    -> Table scan on count_tbl  (cost=238542.78 rows=2120358) (actual time=0.000..0.000 rows=3 loops=1)",
              title: "Table scan",
              tableName: "count_tbl",
              estimatedInitCost: null,
              estimatedCost: 238542.78,
              estimatedReturnedRows: 2120358,
              actualTimeFirstRow: 0.000,
              actualTimeAvg: 0.000,
              actualReturnedRows: 3,
              actualLoopCount: 1,
              children: [
                {
                  text: "        -> Materialize CTE count_tbl if needed  (actual time=3371.802..3371.802 rows=3 loops=1)",
                  title: "Materialize CTE",
                  tableName: "count_tbl",
                  estimatedInitCost: null,
                  estimatedCost: null,
                  estimatedReturnedRows: null,
                  actualTimeFirstRow: 3371.802,
                  actualTimeAvg: 3371.802,
                  actualReturnedRows: 3,
                  actualLoopCount: 1,
                  children: [
                    {
                      text: "            -> Table scan on <temporary>  (actual time=0.002..0.002 rows=3 loops=1)",
                      title: "Table scan",
                      tableName: "<temporary>",
                      estimatedInitCost: null,
                      estimatedCost: null,
                      estimatedReturnedRows: null,
                      actualTimeFirstRow: 0.002,
                      actualTimeAvg: 0.002,
                      actualReturnedRows: 3,
                      actualLoopCount: 1,
                      estimatedActualTotalTime: 0.002,
                      children: [
                        {
                          text: "                -> Aggregate using temporary table  (actual time=3371.769..3371.769 rows=3 loops=1)",
                          title: "Aggregate",
                          tableName: "temporary table",
                          estimatedInitCost: null,
                          estimatedCost: null,
                          estimatedReturnedRows: null,
                          actualTimeFirstRow: 3371.769,
                          actualTimeAvg: 3371.769,
                          actualReturnedRows: 3,
                          actualLoopCount: 1,
                          children: [
                            {
                              text: "                    -> Nested loop inner join  (cost=7376073.37 rows=2120358) (actual time=0.107..3196.300 rows=1086000 loops=1)",
                              title: "Nested loop inner join",
                              tableName: null,
                              estimatedInitCost: null,
                              estimatedCost: 7376073.37,
                              estimatedReturnedRows: 2120358,
                              actualTimeFirstRow: 0.107,
                              actualTimeAvg: 3196.300,
                              actualReturnedRows: 1086000,
                              actualLoopCount: 1,
                              children: [
                                {
                                  text: "                        -> Table scan on todos  (cost=660603.68 rows=6361711) (actual time=0.040..1250.329 rows=6553600 loops=1)",
                                  title: "Table scan",
                                  tableName: "todos",
                                  estimatedInitCost: null,
                                  estimatedCost: 660603.68,
                                  estimatedReturnedRows: 6361711,
                                  actualTimeFirstRow: 0.040,
                                  actualTimeAvg: 1250.329,
                                  actualReturnedRows: 6553600,
                                  actualLoopCount: 1,
                                },
                                {
                                  text: "                        -> Filter: (users.created_at > <cache>((now() - interval 2 month)))  (cost=0.96 rows=0) (actual time=0.000..0.000 rows=0 loops=6553600)",
                                  title: "Filter",
                                  tableName: "users",
                                  estimatedInitCost: null,
                                  estimatedCost: 0.96,
                                  estimatedReturnedRows: 0,
                                  actualTimeFirstRow: 0.000,
                                  actualTimeAvg: 0.000,
                                  actualReturnedRows: 0,
                                  actualLoopCount: 6553600,
                                  children: [
                                    {
                                      text: "                            -> Single-row index lookup on users using PRIMARY (user_id=todos.user_id)  (cost=0.96 rows=1) (actual time=0.000..0.000 rows=1 loops=6553600)",
                                      title: "Single-row index lookup",
                                      tableName: "users",
                                      estimatedInitCost: null,
                                      estimatedCost: 0.96,
                                      estimatedReturnedRows: 1,
                                      actualTimeFirstRow: 0.000,
                                      actualTimeAvg: 0.000,
                                      actualReturnedRows: 1,
                                      actualLoopCount: 6553600,
                                    },
                                  ]
                                },
                              ]
                            },
                          ],
                        },
                      ]
                    },
                  ]
                },
              ]
            },
          ]
        },
        {
          text: "-> Select #2 (subquery in projection; run only once)",
          title: "Select",
          tableName: null,
          estimatedInitCost: null,
          estimatedCost: null,
          estimatedReturnedRows: null,
          actualTimeFirstRow: null,
          actualTimeAvg: null,
          actualReturnedRows: null,
          actualLoopCount: null,
          children: [
            {
              text: "    -> Aggregate: sum(count_tbl.count)  (actual time=0.006..0.006 rows=1 loops=1)",
              title: "Aggregate",
              tableName: "count_tbl",
              estimatedInitCost: null,
              estimatedCost: null,
              estimatedReturnedRows: null,
              actualTimeFirstRow: 0.006,
              actualTimeAvg: 0.006,
              actualReturnedRows: 1,
              actualLoopCount: 1,
              children: [
                {
                  text: "        -> Table scan on count_tbl  (cost=238542.78 rows=2120358) (actual time=0.000..0.000 rows=3 loops=1)",
                  title: "Table scan",
                  tableName: "count_tbl",
                  estimatedInitCost: null,
                  estimatedCost: 238542.78,
                  estimatedReturnedRows: 2120358,
                  actualTimeFirstRow: 0.000,
                  actualTimeAvg: 0.000,
                  actualReturnedRows: 3,
                  actualLoopCount: 1,
                  children: [
                    {
                      text: "            -> Materialize CTE count_tbl if needed (query plan printed elsewhere)  (actual time=0.003..0.003 rows=3 loops=1)",
                      title: "Materialize CTE",
                      tableName: "count_tbl",
                      estimatedInitCost: null,
                      estimatedCost: null,
                      estimatedReturnedRows: null,
                      actualTimeFirstRow: 0.003,
                      actualTimeAvg: 0.003,
                      actualReturnedRows: 3,
                      actualLoopCount: 1,
                    },
                  ]
                },
              ]
            },
          ]
        },
      ]
      const query = `
with count_tbl as
( select
  status,
  count(status) as count
  from users
  inner join todos on users.user_id = todos.user_id
  where users.created_at > now() - interval 2  month
  group by status
)
select
  case when status = 1 then 'Todo'
       when status = 2 then 'Doing'
       when status = 3 then 'Done' end as status,
  sum(count)
from  count_tbl;
`
      const indexTargets = [
        {tableName: "todos", columns: [{name: "user_id"}]},
        {tableName: "todos", columns: [{name: "user_id"}, {name: "description"}]},
        {tableName: "users", columns: [{name: "id"}, {name: "name"}]},
      ]

      const examinationResult = {
        originalTimeMillis: 1559,
        indexResults: [
          {
            indexTarget: {tableName: "todos", columns: [{name: "user_id"}]},
            executionTimeMillis: 12,
          },
          {
            indexTarget: {tableName: "todos", columns:[{name: "user_id"}, {name: "description"}]},
            executionTimeMillis: 10,
          },
          {
            indexTarget: {tableName: "users", columns: [{name: "id"}, {name: "name"}]},
            executionTimeMillis: 1593,
          }
        ]
      }

      window.gr = {
        query: query,
        analyzeNodes: analyzeNodes,
        indexTargets: indexTargets,
        examinationResult: examinationResult,
        examinationCommandOptions: [
          {isShort: true, name: "o", value: "output_examine.html"},
          {isShort: true, name: "q", value: query},
        ],
      }
    </script>
    <script type="module" src="/src/main.ts"></script>
  </body>
</html>
